{"/Users/ajmalkhan/Sync/codebench2020/nodejs/moshhamadani/vidly/index.js": {"path":"/Users/ajmalkhan/Sync/codebench2020/nodejs/moshhamadani/vidly/index.js","statementMap":{"0":{"start":{"line":1,"column":0},"end":{"line":1,"column":27}},"1":{"start":{"line":2,"column":22},"end":{"line":2,"column":52}},"2":{"start":{"line":3,"column":15},"end":{"line":3,"column":43}},"3":{"start":{"line":6,"column":16},"end":{"line":6,"column":34}},"4":{"start":{"line":7,"column":12},"end":{"line":7,"column":21}},"5":{"start":{"line":10,"column":0},"end":{"line":10,"column":34}},"6":{"start":{"line":11,"column":0},"end":{"line":11,"column":33}},"7":{"start":{"line":12,"column":0},"end":{"line":12,"column":26}},"8":{"start":{"line":13,"column":0},"end":{"line":13,"column":30}},"9":{"start":{"line":14,"column":0},"end":{"line":14,"column":34}},"10":{"start":{"line":18,"column":0},"end":{"line":18,"column":24}},"11":{"start":{"line":20,"column":0},"end":{"line":20,"column":48}},"12":{"start":{"line":22,"column":0},"end":{"line":22,"column":34}},"13":{"start":{"line":25,"column":15},"end":{"line":25,"column":32}},"14":{"start":{"line":26,"column":0},"end":{"line":26,"column":18}},"15":{"start":{"line":29,"column":0},"end":{"line":29,"column":30}},"16":{"start":{"line":30,"column":0},"end":{"line":30,"column":28}},"17":{"start":{"line":33,"column":13},"end":{"line":33,"column":37}},"18":{"start":{"line":34,"column":15},"end":{"line":34,"column":79}},"19":{"start":{"line":34,"column":38},"end":{"line":34,"column":78}},"20":{"start":{"line":36,"column":0},"end":{"line":36,"column":24}}},"fnMap":{"0":{"name":"(anonymous_0)","decl":{"start":{"line":34,"column":32},"end":{"line":34,"column":33}},"loc":{"start":{"line":34,"column":38},"end":{"line":34,"column":78}},"line":34}},"branchMap":{"0":{"loc":{"start":{"line":33,"column":13},"end":{"line":33,"column":37}},"type":"binary-expr","locations":[{"start":{"line":33,"column":13},"end":{"line":33,"column":29}},{"start":{"line":33,"column":33},"end":{"line":33,"column":37}}],"line":33}},"s":{"0":2,"1":2,"2":2,"3":2,"4":2,"5":2,"6":2,"7":2,"8":2,"9":2,"10":2,"11":2,"12":2,"13":2,"14":2,"15":2,"16":2,"17":2,"18":2,"19":2,"20":2},"f":{"0":2},"b":{"0":[2,0]},"_coverageSchema":"1a1c01bbd47fc00a2c39e90264f33305004495a9","hash":"d2f684646ef04f51c407e2cb2ab8f65cee2122b5"}
,"/Users/ajmalkhan/Sync/codebench2020/nodejs/moshhamadani/vidly/middleware/admin.js": {"path":"/Users/ajmalkhan/Sync/codebench2020/nodejs/moshhamadani/vidly/middleware/admin.js","statementMap":{"0":{"start":{"line":1,"column":0},"end":{"line":6,"column":1}},"1":{"start":{"line":4,"column":4},"end":{"line":4,"column":73}},"2":{"start":{"line":4,"column":27},"end":{"line":4,"column":73}},"3":{"start":{"line":5,"column":4},"end":{"line":5,"column":11}}},"fnMap":{"0":{"name":"(anonymous_0)","decl":{"start":{"line":1,"column":17},"end":{"line":1,"column":18}},"loc":{"start":{"line":1,"column":43},"end":{"line":6,"column":1}},"line":1}},"branchMap":{"0":{"loc":{"start":{"line":4,"column":4},"end":{"line":4,"column":73}},"type":"if","locations":[{"start":{"line":4,"column":4},"end":{"line":4,"column":73}},{"start":{"line":4,"column":4},"end":{"line":4,"column":73}}],"line":4}},"s":{"0":2,"1":6,"2":1,"3":5},"f":{"0":6},"b":{"0":[1,5]},"_coverageSchema":"1a1c01bbd47fc00a2c39e90264f33305004495a9","hash":"6ac5f31f7b6adf1dc254da2bf02e3641ea7096ac"}
,"/Users/ajmalkhan/Sync/codebench2020/nodejs/moshhamadani/vidly/middleware/auth.js": {"path":"/Users/ajmalkhan/Sync/codebench2020/nodejs/moshhamadani/vidly/middleware/auth.js","statementMap":{"0":{"start":{"line":1,"column":12},"end":{"line":1,"column":35}},"1":{"start":{"line":3,"column":15},"end":{"line":3,"column":32}},"2":{"start":{"line":6,"column":0},"end":{"line":27,"column":2}},"3":{"start":{"line":8,"column":18},"end":{"line":8,"column":44}},"4":{"start":{"line":10,"column":4},"end":{"line":10,"column":81}},"5":{"start":{"line":10,"column":16},"end":{"line":10,"column":81}},"6":{"start":{"line":11,"column":4},"end":{"line":25,"column":5}},"7":{"start":{"line":14,"column":31},"end":{"line":14,"column":77}},"8":{"start":{"line":16,"column":8},"end":{"line":16,"column":34}},"9":{"start":{"line":22,"column":8},"end":{"line":22,"column":15}},"10":{"start":{"line":24,"column":8},"end":{"line":24,"column":46}}},"fnMap":{"0":{"name":"(anonymous_0)","decl":{"start":{"line":6,"column":17},"end":{"line":6,"column":18}},"loc":{"start":{"line":6,"column":37},"end":{"line":27,"column":1}},"line":6}},"branchMap":{"0":{"loc":{"start":{"line":10,"column":4},"end":{"line":10,"column":81}},"type":"if","locations":[{"start":{"line":10,"column":4},"end":{"line":10,"column":81}},{"start":{"line":10,"column":4},"end":{"line":10,"column":81}}],"line":10}},"s":{"0":3,"1":3,"2":3,"3":10,"4":10,"5":2,"6":8,"7":8,"8":7,"9":7,"10":1},"f":{"0":10},"b":{"0":[2,8]},"_coverageSchema":"1a1c01bbd47fc00a2c39e90264f33305004495a9","hash":"0e5be85761a5dc78564c153bd091918d25ddbb93"}
,"/Users/ajmalkhan/Sync/codebench2020/nodejs/moshhamadani/vidly/middleware/error.js": {"path":"/Users/ajmalkhan/Sync/codebench2020/nodejs/moshhamadani/vidly/middleware/error.js","statementMap":{"0":{"start":{"line":3,"column":16},"end":{"line":3,"column":34}},"1":{"start":{"line":4,"column":0},"end":{"line":4,"column":27}},"2":{"start":{"line":5,"column":0},"end":{"line":5,"column":27}},"3":{"start":{"line":7,"column":19},"end":{"line":9,"column":1}},"4":{"start":{"line":8,"column":4},"end":{"line":8,"column":45}},"5":{"start":{"line":11,"column":15},"end":{"line":50,"column":1}},"6":{"start":{"line":32,"column":58},"end":{"line":32,"column":129}},"7":{"start":{"line":67,"column":0},"end":{"line":77,"column":1}},"8":{"start":{"line":68,"column":4},"end":{"line":68,"column":45}},"9":{"start":{"line":76,"column":4},"end":{"line":76,"column":46}}},"fnMap":{"0":{"name":"(anonymous_0)","decl":{"start":{"line":7,"column":19},"end":{"line":7,"column":20}},"loc":{"start":{"line":7,"column":25},"end":{"line":9,"column":1}},"line":7},"1":{"name":"(anonymous_1)","decl":{"start":{"line":32,"column":50},"end":{"line":32,"column":51}},"loc":{"start":{"line":32,"column":58},"end":{"line":32,"column":129}},"line":32},"2":{"name":"(anonymous_2)","decl":{"start":{"line":67,"column":17},"end":{"line":67,"column":18}},"loc":{"start":{"line":67,"column":48},"end":{"line":77,"column":1}},"line":67}},"branchMap":{},"s":{"0":2,"1":2,"2":2,"3":2,"4":0,"5":2,"6":0,"7":2,"8":0,"9":0},"f":{"0":0,"1":0,"2":0},"b":{},"_coverageSchema":"1a1c01bbd47fc00a2c39e90264f33305004495a9","hash":"6acc9cbdc4fa269539ce8a7e6b13f0e0db892ebc"}
,"/Users/ajmalkhan/Sync/codebench2020/nodejs/moshhamadani/vidly/middleware/logger.js": {"path":"/Users/ajmalkhan/Sync/codebench2020/nodejs/moshhamadani/vidly/middleware/logger.js","statementMap":{"0":{"start":{"line":1,"column":16},"end":{"line":1,"column":34}},"1":{"start":{"line":2,"column":0},"end":{"line":2,"column":27}},"2":{"start":{"line":3,"column":0},"end":{"line":3,"column":27}},"3":{"start":{"line":5,"column":19},"end":{"line":7,"column":1}},"4":{"start":{"line":6,"column":4},"end":{"line":6,"column":45}},"5":{"start":{"line":11,"column":8},"end":{"line":11,"column":29}},"6":{"start":{"line":12,"column":8},"end":{"line":12,"column":27}},"7":{"start":{"line":14,"column":23},"end":{"line":56,"column":9}},"8":{"start":{"line":37,"column":66},"end":{"line":37,"column":137}},"9":{"start":{"line":58,"column":8},"end":{"line":58,"column":94}},"10":{"start":{"line":59,"column":8},"end":{"line":59,"column":29}},"11":{"start":{"line":63,"column":8},"end":{"line":63,"column":32}},"12":{"start":{"line":66,"column":8},"end":{"line":66,"column":41}},"13":{"start":{"line":70,"column":8},"end":{"line":70,"column":46}},"14":{"start":{"line":73,"column":8},"end":{"line":73,"column":42}},"15":{"start":{"line":76,"column":8},"end":{"line":76,"column":51}},"16":{"start":{"line":79,"column":8},"end":{"line":79,"column":42}},"17":{"start":{"line":83,"column":8},"end":{"line":83,"column":47}},"18":{"start":{"line":88,"column":0},"end":{"line":88,"column":31}}},"fnMap":{"0":{"name":"(anonymous_0)","decl":{"start":{"line":5,"column":19},"end":{"line":5,"column":20}},"loc":{"start":{"line":5,"column":25},"end":{"line":7,"column":1}},"line":5},"1":{"name":"(anonymous_1)","decl":{"start":{"line":10,"column":4},"end":{"line":10,"column":5}},"loc":{"start":{"line":10,"column":23},"end":{"line":60,"column":5}},"line":10},"2":{"name":"(anonymous_2)","decl":{"start":{"line":37,"column":58},"end":{"line":37,"column":59}},"loc":{"start":{"line":37,"column":66},"end":{"line":37,"column":137}},"line":37},"3":{"name":"(anonymous_3)","decl":{"start":{"line":62,"column":4},"end":{"line":62,"column":5}},"loc":{"start":{"line":62,"column":25},"end":{"line":64,"column":5}},"line":62},"4":{"name":"(anonymous_4)","decl":{"start":{"line":65,"column":4},"end":{"line":65,"column":5}},"loc":{"start":{"line":65,"column":24},"end":{"line":67,"column":5}},"line":65},"5":{"name":"(anonymous_5)","decl":{"start":{"line":68,"column":4},"end":{"line":68,"column":5}},"loc":{"start":{"line":68,"column":29},"end":{"line":71,"column":5}},"line":68},"6":{"name":"(anonymous_6)","decl":{"start":{"line":72,"column":4},"end":{"line":72,"column":5}},"loc":{"start":{"line":72,"column":25},"end":{"line":74,"column":5}},"line":72},"7":{"name":"(anonymous_7)","decl":{"start":{"line":75,"column":4},"end":{"line":75,"column":5}},"loc":{"start":{"line":75,"column":30},"end":{"line":77,"column":5}},"line":75},"8":{"name":"(anonymous_8)","decl":{"start":{"line":78,"column":4},"end":{"line":78,"column":5}},"loc":{"start":{"line":78,"column":25},"end":{"line":80,"column":5}},"line":78},"9":{"name":"(anonymous_9)","decl":{"start":{"line":81,"column":4},"end":{"line":81,"column":5}},"loc":{"start":{"line":81,"column":30},"end":{"line":84,"column":5}},"line":81}},"branchMap":{},"s":{"0":2,"1":2,"2":2,"3":2,"4":5,"5":18,"6":18,"7":18,"8":5,"9":18,"10":18,"11":0,"12":0,"13":5,"14":0,"15":0,"16":0,"17":0,"18":2},"f":{"0":5,"1":18,"2":5,"3":0,"4":0,"5":5,"6":0,"7":0,"8":0,"9":0},"b":{},"_coverageSchema":"1a1c01bbd47fc00a2c39e90264f33305004495a9","hash":"6b7e3aa6030d5a0da797404ab0314182ecb63372"}
,"/Users/ajmalkhan/Sync/codebench2020/nodejs/moshhamadani/vidly/middleware/validateObjectId.js": {"path":"/Users/ajmalkhan/Sync/codebench2020/nodejs/moshhamadani/vidly/middleware/validateObjectId.js","statementMap":{"0":{"start":{"line":1,"column":17},"end":{"line":1,"column":36}},"1":{"start":{"line":2,"column":0},"end":{"line":8,"column":1}},"2":{"start":{"line":4,"column":4},"end":{"line":6,"column":5}},"3":{"start":{"line":5,"column":8},"end":{"line":5,"column":51}},"4":{"start":{"line":7,"column":4},"end":{"line":7,"column":11}}},"fnMap":{"0":{"name":"(anonymous_0)","decl":{"start":{"line":2,"column":17},"end":{"line":2,"column":18}},"loc":{"start":{"line":2,"column":43},"end":{"line":8,"column":1}},"line":2}},"branchMap":{"0":{"loc":{"start":{"line":4,"column":4},"end":{"line":6,"column":5}},"type":"if","locations":[{"start":{"line":4,"column":4},"end":{"line":6,"column":5}},{"start":{"line":4,"column":4},"end":{"line":6,"column":5}}],"line":4}},"s":{"0":2,"1":2,"2":3,"3":1,"4":2},"f":{"0":3},"b":{"0":[1,2]},"_coverageSchema":"1a1c01bbd47fc00a2c39e90264f33305004495a9","hash":"83d3694caa918578f61c2a10806044964f54d695"}
,"/Users/ajmalkhan/Sync/codebench2020/nodejs/moshhamadani/vidly/models/Customer.js": {"path":"/Users/ajmalkhan/Sync/codebench2020/nodejs/moshhamadani/vidly/models/Customer.js","statementMap":{"0":{"start":{"line":1,"column":18},"end":{"line":1,"column":37}},"1":{"start":{"line":2,"column":12},"end":{"line":2,"column":32}},"2":{"start":{"line":5,"column":23},"end":{"line":50,"column":2}},"3":{"start":{"line":17,"column":24},"end":{"line":17,"column":34}},"4":{"start":{"line":18,"column":8},"end":{"line":18,"column":67}},"5":{"start":{"line":37,"column":24},"end":{"line":37,"column":53}},"6":{"start":{"line":38,"column":8},"end":{"line":38,"column":67}},"7":{"start":{"line":53,"column":17},"end":{"line":53,"column":60}},"8":{"start":{"line":56,"column":17},"end":{"line":66,"column":4}},"9":{"start":{"line":67,"column":20},"end":{"line":67,"column":45}},"10":{"start":{"line":70,"column":2},"end":{"line":70,"column":15}},"11":{"start":{"line":73,"column":0},"end":{"line":73,"column":35}},"12":{"start":{"line":74,"column":0},"end":{"line":74,"column":43}}},"fnMap":{"0":{"name":"(anonymous_0)","decl":{"start":{"line":16,"column":17},"end":{"line":16,"column":18}},"loc":{"start":{"line":16,"column":30},"end":{"line":19,"column":7}},"line":16},"1":{"name":"(anonymous_1)","decl":{"start":{"line":29,"column":17},"end":{"line":29,"column":18}},"loc":{"start":{"line":29,"column":30},"end":{"line":39,"column":7}},"line":29},"2":{"name":"validateCustomer","decl":{"start":{"line":55,"column":9},"end":{"line":55,"column":25}},"loc":{"start":{"line":55,"column":36},"end":{"line":71,"column":1}},"line":55}},"branchMap":{"0":{"loc":{"start":{"line":18,"column":15},"end":{"line":18,"column":66}},"type":"binary-expr","locations":[{"start":{"line":18,"column":15},"end":{"line":18,"column":24}},{"start":{"line":18,"column":28},"end":{"line":18,"column":47}},{"start":{"line":18,"column":51},"end":{"line":18,"column":66}}],"line":18},"1":{"loc":{"start":{"line":38,"column":15},"end":{"line":38,"column":66}},"type":"binary-expr","locations":[{"start":{"line":38,"column":15},"end":{"line":38,"column":24}},{"start":{"line":38,"column":28},"end":{"line":38,"column":47}},{"start":{"line":38,"column":51},"end":{"line":38,"column":66}}],"line":38}},"s":{"0":2,"1":2,"2":2,"3":0,"4":0,"5":0,"6":0,"7":2,"8":0,"9":0,"10":0,"11":2,"12":2},"f":{"0":0,"1":0,"2":0},"b":{"0":[0,0,0],"1":[0,0,0]},"_coverageSchema":"1a1c01bbd47fc00a2c39e90264f33305004495a9","hash":"303676610d7bae704593f67b0a4de64925f57562"}
,"/Users/ajmalkhan/Sync/codebench2020/nodejs/moshhamadani/vidly/models/Genre.js": {"path":"/Users/ajmalkhan/Sync/codebench2020/nodejs/moshhamadani/vidly/models/Genre.js","statementMap":{"0":{"start":{"line":1,"column":17},"end":{"line":1,"column":36}},"1":{"start":{"line":3,"column":12},"end":{"line":3,"column":32}},"2":{"start":{"line":6,"column":20},"end":{"line":29,"column":1}},"3":{"start":{"line":21,"column":36},"end":{"line":21,"column":65}},"4":{"start":{"line":23,"column":20},"end":{"line":23,"column":81}},"5":{"start":{"line":32,"column":14},"end":{"line":32,"column":50}},"6":{"start":{"line":35,"column":19},"end":{"line":37,"column":6}},"7":{"start":{"line":38,"column":22},"end":{"line":38,"column":44}},"8":{"start":{"line":41,"column":4},"end":{"line":41,"column":17}},"9":{"start":{"line":44,"column":0},"end":{"line":44,"column":29}},"10":{"start":{"line":45,"column":0},"end":{"line":45,"column":40}},"11":{"start":{"line":46,"column":0},"end":{"line":46,"column":41}}},"fnMap":{"0":{"name":"(anonymous_0)","decl":{"start":{"line":14,"column":27},"end":{"line":14,"column":28}},"loc":{"start":{"line":14,"column":40},"end":{"line":24,"column":17}},"line":14},"1":{"name":"validateGenre","decl":{"start":{"line":34,"column":9},"end":{"line":34,"column":22}},"loc":{"start":{"line":34,"column":30},"end":{"line":42,"column":1}},"line":34}},"branchMap":{"0":{"loc":{"start":{"line":23,"column":27},"end":{"line":23,"column":80}},"type":"binary-expr","locations":[{"start":{"line":23,"column":28},"end":{"line":23,"column":37}},{"start":{"line":23,"column":41},"end":{"line":23,"column":60}},{"start":{"line":23,"column":65},"end":{"line":23,"column":80}}],"line":23}},"s":{"0":2,"1":2,"2":2,"3":4,"4":4,"5":2,"6":5,"7":5,"8":5,"9":2,"10":2,"11":2},"f":{"0":4,"1":5},"b":{"0":[4,4,4]},"_coverageSchema":"1a1c01bbd47fc00a2c39e90264f33305004495a9","hash":"735dcdb07c006fa4b3956f15e21c16ab73815fa1"}
,"/Users/ajmalkhan/Sync/codebench2020/nodejs/moshhamadani/vidly/models/Movie.js": {"path":"/Users/ajmalkhan/Sync/codebench2020/nodejs/moshhamadani/vidly/models/Movie.js","statementMap":{"0":{"start":{"line":1,"column":17},"end":{"line":1,"column":36}},"1":{"start":{"line":2,"column":24},"end":{"line":2,"column":42}},"2":{"start":{"line":3,"column":12},"end":{"line":3,"column":32}},"3":{"start":{"line":6,"column":20},"end":{"line":41,"column":1}},"4":{"start":{"line":17,"column":36},"end":{"line":17,"column":71}},"5":{"start":{"line":18,"column":20},"end":{"line":18,"column":81}},"6":{"start":{"line":44,"column":14},"end":{"line":44,"column":50}},"7":{"start":{"line":47,"column":19},"end":{"line":54,"column":5}},"8":{"start":{"line":55,"column":22},"end":{"line":55,"column":44}},"9":{"start":{"line":56,"column":4},"end":{"line":56,"column":23}},"10":{"start":{"line":57,"column":4},"end":{"line":57,"column":17}},"11":{"start":{"line":60,"column":0},"end":{"line":60,"column":29}},"12":{"start":{"line":61,"column":0},"end":{"line":61,"column":45}}},"fnMap":{"0":{"name":"(anonymous_0)","decl":{"start":{"line":16,"column":27},"end":{"line":16,"column":28}},"loc":{"start":{"line":16,"column":40},"end":{"line":19,"column":17}},"line":16},"1":{"name":"validateMovie","decl":{"start":{"line":46,"column":9},"end":{"line":46,"column":22}},"loc":{"start":{"line":46,"column":30},"end":{"line":58,"column":1}},"line":46}},"branchMap":{"0":{"loc":{"start":{"line":18,"column":27},"end":{"line":18,"column":80}},"type":"binary-expr","locations":[{"start":{"line":18,"column":28},"end":{"line":18,"column":37}},{"start":{"line":18,"column":41},"end":{"line":18,"column":60}},{"start":{"line":18,"column":65},"end":{"line":18,"column":80}}],"line":18}},"s":{"0":2,"1":2,"2":2,"3":2,"4":0,"5":0,"6":2,"7":0,"8":0,"9":0,"10":0,"11":2,"12":2},"f":{"0":0,"1":0},"b":{"0":[0,0,0]},"_coverageSchema":"1a1c01bbd47fc00a2c39e90264f33305004495a9","hash":"d02f862c9be6ba1beb2b4d8f78d065d06e420da2"}
,"/Users/ajmalkhan/Sync/codebench2020/nodejs/moshhamadani/vidly/models/Rental.js": {"path":"/Users/ajmalkhan/Sync/codebench2020/nodejs/moshhamadani/vidly/models/Rental.js","statementMap":{"0":{"start":{"line":1,"column":12},"end":{"line":1,"column":32}},"1":{"start":{"line":2,"column":17},"end":{"line":2,"column":36}},"2":{"start":{"line":9,"column":15},"end":{"line":75,"column":1}},"3":{"start":{"line":78,"column":17},"end":{"line":82,"column":4}},"4":{"start":{"line":83,"column":20},"end":{"line":83,"column":43}},"5":{"start":{"line":84,"column":2},"end":{"line":84,"column":21}},"6":{"start":{"line":85,"column":2},"end":{"line":85,"column":15}},"7":{"start":{"line":88,"column":0},"end":{"line":88,"column":31}},"8":{"start":{"line":89,"column":0},"end":{"line":89,"column":47}}},"fnMap":{"0":{"name":"validateRental","decl":{"start":{"line":76,"column":9},"end":{"line":76,"column":23}},"loc":{"start":{"line":76,"column":32},"end":{"line":86,"column":1}},"line":76}},"branchMap":{},"s":{"0":2,"1":2,"2":2,"3":0,"4":0,"5":0,"6":0,"7":2,"8":2},"f":{"0":0},"b":{},"_coverageSchema":"1a1c01bbd47fc00a2c39e90264f33305004495a9","hash":"bdf819795c67bb532968a7ef5c43aa855df09a34"}
,"/Users/ajmalkhan/Sync/codebench2020/nodejs/moshhamadani/vidly/models/Transaction.js": {"path":"/Users/ajmalkhan/Sync/codebench2020/nodejs/moshhamadani/vidly/models/Transaction.js","statementMap":{"0":{"start":{"line":1,"column":17},"end":{"line":1,"column":36}},"1":{"start":{"line":3,"column":26},"end":{"line":30,"column":2}},"2":{"start":{"line":32,"column":20},"end":{"line":32,"column":68}},"3":{"start":{"line":34,"column":0},"end":{"line":34,"column":41}}},"fnMap":{},"branchMap":{},"s":{"0":2,"1":2,"2":2,"3":2},"f":{},"b":{},"_coverageSchema":"1a1c01bbd47fc00a2c39e90264f33305004495a9","hash":"45df6dcdafcedbee3f9451bca81d34dc5a799190"}
,"/Users/ajmalkhan/Sync/codebench2020/nodejs/moshhamadani/vidly/models/User.js": {"path":"/Users/ajmalkhan/Sync/codebench2020/nodejs/moshhamadani/vidly/models/User.js","statementMap":{"0":{"start":{"line":1,"column":17},"end":{"line":1,"column":36}},"1":{"start":{"line":2,"column":12},"end":{"line":2,"column":32}},"2":{"start":{"line":3,"column":27},"end":{"line":3,"column":61}},"3":{"start":{"line":4,"column":12},"end":{"line":4,"column":35}},"4":{"start":{"line":5,"column":15},"end":{"line":5,"column":32}},"5":{"start":{"line":8,"column":19},"end":{"line":34,"column":1}},"6":{"start":{"line":44,"column":0},"end":{"line":56,"column":2}},"7":{"start":{"line":45,"column":18},"end":{"line":54,"column":5}},"8":{"start":{"line":55,"column":4},"end":{"line":55,"column":17}},"9":{"start":{"line":57,"column":13},"end":{"line":57,"column":47}},"10":{"start":{"line":60,"column":30},"end":{"line":68,"column":5}},"11":{"start":{"line":70,"column":19},"end":{"line":78,"column":5}},"12":{"start":{"line":79,"column":22},"end":{"line":79,"column":43}},"13":{"start":{"line":80,"column":4},"end":{"line":80,"column":17}},"14":{"start":{"line":83,"column":0},"end":{"line":83,"column":27}},"15":{"start":{"line":84,"column":0},"end":{"line":84,"column":39}}},"fnMap":{"0":{"name":"(anonymous_0)","decl":{"start":{"line":44,"column":39},"end":{"line":44,"column":40}},"loc":{"start":{"line":44,"column":51},"end":{"line":56,"column":1}},"line":44},"1":{"name":"validateUser","decl":{"start":{"line":59,"column":9},"end":{"line":59,"column":21}},"loc":{"start":{"line":59,"column":28},"end":{"line":81,"column":1}},"line":59}},"branchMap":{},"s":{"0":4,"1":4,"2":4,"3":4,"4":4,"5":4,"6":4,"7":8,"8":8,"9":4,"10":0,"11":0,"12":0,"13":0,"14":4,"15":4},"f":{"0":8,"1":0},"b":{},"_coverageSchema":"1a1c01bbd47fc00a2c39e90264f33305004495a9","hash":"760acc8280f1190a729e2bea9653872b112ae123"}
,"/Users/ajmalkhan/Sync/codebench2020/nodejs/moshhamadani/vidly/routes/auth.js": {"path":"/Users/ajmalkhan/Sync/codebench2020/nodejs/moshhamadani/vidly/routes/auth.js","statementMap":{"0":{"start":{"line":2,"column":15},"end":{"line":2,"column":32}},"1":{"start":{"line":3,"column":16},"end":{"line":3,"column":34}},"2":{"start":{"line":4,"column":15},"end":{"line":4,"column":31}},"3":{"start":{"line":5,"column":17},"end":{"line":5,"column":42}},"4":{"start":{"line":6,"column":12},"end":{"line":6,"column":32}},"5":{"start":{"line":7,"column":27},"end":{"line":7,"column":61}},"6":{"start":{"line":10,"column":22},"end":{"line":10,"column":53}},"7":{"start":{"line":11,"column":15},"end":{"line":11,"column":40}},"8":{"start":{"line":13,"column":0},"end":{"line":43,"column":3}},"9":{"start":{"line":15,"column":18},"end":{"line":15,"column":36}},"10":{"start":{"line":16,"column":4},"end":{"line":16,"column":69}},"11":{"start":{"line":16,"column":15},"end":{"line":16,"column":69}},"12":{"start":{"line":18,"column":17},"end":{"line":22,"column":5}},"13":{"start":{"line":24,"column":4},"end":{"line":29,"column":5}},"14":{"start":{"line":27,"column":8},"end":{"line":27,"column":67}},"15":{"start":{"line":28,"column":8},"end":{"line":28,"column":66}},"16":{"start":{"line":31,"column":26},"end":{"line":31,"column":80}},"17":{"start":{"line":32,"column":4},"end":{"line":36,"column":5}},"18":{"start":{"line":34,"column":8},"end":{"line":34,"column":76}},"19":{"start":{"line":35,"column":8},"end":{"line":35,"column":65}},"20":{"start":{"line":38,"column":18},"end":{"line":38,"column":42}},"21":{"start":{"line":39,"column":4},"end":{"line":42,"column":5}},"22":{"start":{"line":40,"column":8},"end":{"line":40,"column":43}},"23":{"start":{"line":41,"column":8},"end":{"line":41,"column":31}},"24":{"start":{"line":46,"column":30},"end":{"line":54,"column":5}},"25":{"start":{"line":56,"column":19},"end":{"line":62,"column":5}},"26":{"start":{"line":63,"column":22},"end":{"line":63,"column":43}},"27":{"start":{"line":64,"column":4},"end":{"line":64,"column":17}},"28":{"start":{"line":67,"column":0},"end":{"line":67,"column":24}}},"fnMap":{"0":{"name":"(anonymous_0)","decl":{"start":{"line":13,"column":17},"end":{"line":13,"column":18}},"loc":{"start":{"line":13,"column":37},"end":{"line":43,"column":1}},"line":13},"1":{"name":"validate","decl":{"start":{"line":45,"column":9},"end":{"line":45,"column":17}},"loc":{"start":{"line":45,"column":24},"end":{"line":65,"column":1}},"line":45}},"branchMap":{"0":{"loc":{"start":{"line":16,"column":4},"end":{"line":16,"column":69}},"type":"if","locations":[{"start":{"line":16,"column":4},"end":{"line":16,"column":69}},{"start":{"line":16,"column":4},"end":{"line":16,"column":69}}],"line":16},"1":{"loc":{"start":{"line":24,"column":4},"end":{"line":29,"column":5}},"type":"if","locations":[{"start":{"line":24,"column":4},"end":{"line":29,"column":5}},{"start":{"line":24,"column":4},"end":{"line":29,"column":5}}],"line":24},"2":{"loc":{"start":{"line":32,"column":4},"end":{"line":36,"column":5}},"type":"if","locations":[{"start":{"line":32,"column":4},"end":{"line":36,"column":5}},{"start":{"line":32,"column":4},"end":{"line":36,"column":5}}],"line":32},"3":{"loc":{"start":{"line":39,"column":4},"end":{"line":42,"column":5}},"type":"if","locations":[{"start":{"line":39,"column":4},"end":{"line":42,"column":5}},{"start":{"line":39,"column":4},"end":{"line":42,"column":5}}],"line":39}},"s":{"0":2,"1":2,"2":2,"3":2,"4":2,"5":2,"6":2,"7":2,"8":2,"9":0,"10":0,"11":0,"12":0,"13":0,"14":0,"15":0,"16":0,"17":0,"18":0,"19":0,"20":0,"21":0,"22":0,"23":0,"24":0,"25":0,"26":0,"27":0,"28":2},"f":{"0":0,"1":0},"b":{"0":[0,0],"1":[0,0],"2":[0,0],"3":[0,0]},"_coverageSchema":"1a1c01bbd47fc00a2c39e90264f33305004495a9","hash":"12ef2d077890d24adf6e0457408f225240ff3912"}
,"/Users/ajmalkhan/Sync/codebench2020/nodejs/moshhamadani/vidly/routes/customers.js": {"path":"/Users/ajmalkhan/Sync/codebench2020/nodejs/moshhamadani/vidly/routes/customers.js","statementMap":{"0":{"start":{"line":1,"column":31},"end":{"line":1,"column":60}},"1":{"start":{"line":2,"column":16},"end":{"line":2,"column":34}},"2":{"start":{"line":3,"column":15},"end":{"line":3,"column":31}},"3":{"start":{"line":4,"column":13},"end":{"line":4,"column":42}},"4":{"start":{"line":5,"column":14},"end":{"line":5,"column":44}},"5":{"start":{"line":7,"column":22},"end":{"line":7,"column":53}},"6":{"start":{"line":8,"column":15},"end":{"line":8,"column":45}},"7":{"start":{"line":11,"column":0},"end":{"line":16,"column":3}},"8":{"start":{"line":12,"column":20},"end":{"line":12,"column":54}},"9":{"start":{"line":13,"column":2},"end":{"line":13,"column":44}},"10":{"start":{"line":13,"column":17},"end":{"line":13,"column":44}},"11":{"start":{"line":14,"column":2},"end":{"line":14,"column":47}},"12":{"start":{"line":15,"column":2},"end":{"line":15,"column":53}},"13":{"start":{"line":19,"column":0},"end":{"line":24,"column":3}},"14":{"start":{"line":20,"column":19},"end":{"line":20,"column":57}},"15":{"start":{"line":21,"column":2},"end":{"line":21,"column":42}},"16":{"start":{"line":21,"column":16},"end":{"line":21,"column":42}},"17":{"start":{"line":22,"column":2},"end":{"line":22,"column":83}},"18":{"start":{"line":23,"column":2},"end":{"line":23,"column":84}},"19":{"start":{"line":29,"column":0},"end":{"line":50,"column":3}},"20":{"start":{"line":30,"column":16},"end":{"line":30,"column":34}},"21":{"start":{"line":31,"column":2},"end":{"line":31,"column":142}},"22":{"start":{"line":31,"column":13},"end":{"line":31,"column":142}},"23":{"start":{"line":33,"column":19},"end":{"line":46,"column":3}},"24":{"start":{"line":47,"column":2},"end":{"line":47,"column":42}},"25":{"start":{"line":47,"column":16},"end":{"line":47,"column":42}},"26":{"start":{"line":48,"column":2},"end":{"line":48,"column":95}},"27":{"start":{"line":49,"column":2},"end":{"line":49,"column":114}},"28":{"start":{"line":55,"column":0},"end":{"line":70,"column":3}},"29":{"start":{"line":56,"column":16},"end":{"line":56,"column":34}},"30":{"start":{"line":57,"column":2},"end":{"line":57,"column":144}},"31":{"start":{"line":57,"column":13},"end":{"line":57,"column":144}},"32":{"start":{"line":59,"column":19},"end":{"line":65,"column":4}},"33":{"start":{"line":66,"column":2},"end":{"line":66,"column":24}},"34":{"start":{"line":67,"column":2},"end":{"line":67,"column":42}},"35":{"start":{"line":67,"column":16},"end":{"line":67,"column":42}},"36":{"start":{"line":68,"column":2},"end":{"line":68,"column":82}},"37":{"start":{"line":69,"column":2},"end":{"line":69,"column":43}},"38":{"start":{"line":73,"column":0},"end":{"line":78,"column":3}},"39":{"start":{"line":74,"column":19},"end":{"line":74,"column":66}},"40":{"start":{"line":75,"column":2},"end":{"line":75,"column":97}},"41":{"start":{"line":75,"column":16},"end":{"line":75,"column":97}},"42":{"start":{"line":76,"column":2},"end":{"line":76,"column":87}},"43":{"start":{"line":77,"column":2},"end":{"line":77,"column":118}},"44":{"start":{"line":81,"column":0},"end":{"line":86,"column":3}},"45":{"start":{"line":82,"column":20},"end":{"line":82,"column":49}},"46":{"start":{"line":83,"column":2},"end":{"line":83,"column":131}},"47":{"start":{"line":83,"column":17},"end":{"line":83,"column":131}},"48":{"start":{"line":84,"column":2},"end":{"line":84,"column":44}},"49":{"start":{"line":85,"column":2},"end":{"line":85,"column":124}},"50":{"start":{"line":88,"column":0},"end":{"line":88,"column":24}}},"fnMap":{"0":{"name":"(anonymous_0)","decl":{"start":{"line":11,"column":16},"end":{"line":11,"column":17}},"loc":{"start":{"line":11,"column":36},"end":{"line":16,"column":1}},"line":11},"1":{"name":"(anonymous_1)","decl":{"start":{"line":19,"column":19},"end":{"line":19,"column":20}},"loc":{"start":{"line":19,"column":39},"end":{"line":24,"column":1}},"line":19},"2":{"name":"(anonymous_2)","decl":{"start":{"line":29,"column":34},"end":{"line":29,"column":35}},"loc":{"start":{"line":29,"column":54},"end":{"line":50,"column":1}},"line":29},"3":{"name":"(anonymous_3)","decl":{"start":{"line":55,"column":32},"end":{"line":55,"column":33}},"loc":{"start":{"line":55,"column":52},"end":{"line":70,"column":1}},"line":55},"4":{"name":"(anonymous_4)","decl":{"start":{"line":73,"column":37},"end":{"line":73,"column":38}},"loc":{"start":{"line":73,"column":57},"end":{"line":78,"column":1}},"line":73},"5":{"name":"(anonymous_5)","decl":{"start":{"line":81,"column":34},"end":{"line":81,"column":35}},"loc":{"start":{"line":81,"column":54},"end":{"line":86,"column":1}},"line":81}},"branchMap":{"0":{"loc":{"start":{"line":13,"column":2},"end":{"line":13,"column":44}},"type":"if","locations":[{"start":{"line":13,"column":2},"end":{"line":13,"column":44}},{"start":{"line":13,"column":2},"end":{"line":13,"column":44}}],"line":13},"1":{"loc":{"start":{"line":21,"column":2},"end":{"line":21,"column":42}},"type":"if","locations":[{"start":{"line":21,"column":2},"end":{"line":21,"column":42}},{"start":{"line":21,"column":2},"end":{"line":21,"column":42}}],"line":21},"2":{"loc":{"start":{"line":31,"column":2},"end":{"line":31,"column":142}},"type":"if","locations":[{"start":{"line":31,"column":2},"end":{"line":31,"column":142}},{"start":{"line":31,"column":2},"end":{"line":31,"column":142}}],"line":31},"3":{"loc":{"start":{"line":47,"column":2},"end":{"line":47,"column":42}},"type":"if","locations":[{"start":{"line":47,"column":2},"end":{"line":47,"column":42}},{"start":{"line":47,"column":2},"end":{"line":47,"column":42}}],"line":47},"4":{"loc":{"start":{"line":57,"column":2},"end":{"line":57,"column":144}},"type":"if","locations":[{"start":{"line":57,"column":2},"end":{"line":57,"column":144}},{"start":{"line":57,"column":2},"end":{"line":57,"column":144}}],"line":57},"5":{"loc":{"start":{"line":67,"column":2},"end":{"line":67,"column":42}},"type":"if","locations":[{"start":{"line":67,"column":2},"end":{"line":67,"column":42}},{"start":{"line":67,"column":2},"end":{"line":67,"column":42}}],"line":67},"6":{"loc":{"start":{"line":75,"column":2},"end":{"line":75,"column":97}},"type":"if","locations":[{"start":{"line":75,"column":2},"end":{"line":75,"column":97}},{"start":{"line":75,"column":2},"end":{"line":75,"column":97}}],"line":75},"7":{"loc":{"start":{"line":83,"column":2},"end":{"line":83,"column":131}},"type":"if","locations":[{"start":{"line":83,"column":2},"end":{"line":83,"column":131}},{"start":{"line":83,"column":2},"end":{"line":83,"column":131}}],"line":83}},"s":{"0":2,"1":2,"2":2,"3":2,"4":2,"5":2,"6":2,"7":2,"8":0,"9":0,"10":0,"11":0,"12":0,"13":2,"14":0,"15":0,"16":0,"17":0,"18":0,"19":2,"20":0,"21":0,"22":0,"23":0,"24":0,"25":0,"26":0,"27":0,"28":2,"29":0,"30":0,"31":0,"32":0,"33":0,"34":0,"35":0,"36":0,"37":0,"38":2,"39":0,"40":0,"41":0,"42":0,"43":0,"44":2,"45":0,"46":0,"47":0,"48":0,"49":0,"50":2},"f":{"0":0,"1":0,"2":0,"3":0,"4":0,"5":0},"b":{"0":[0,0],"1":[0,0],"2":[0,0],"3":[0,0],"4":[0,0],"5":[0,0],"6":[0,0],"7":[0,0]},"_coverageSchema":"1a1c01bbd47fc00a2c39e90264f33305004495a9","hash":"40fd7e409514382afe3f22fbcec9be2ccb18fc2c"}
,"/Users/ajmalkhan/Sync/codebench2020/nodejs/moshhamadani/vidly/routes/genres.js": {"path":"/Users/ajmalkhan/Sync/codebench2020/nodejs/moshhamadani/vidly/routes/genres.js","statementMap":{"0":{"start":{"line":1,"column":25},"end":{"line":1,"column":66}},"1":{"start":{"line":2,"column":28},"end":{"line":2,"column":54}},"2":{"start":{"line":3,"column":16},"end":{"line":3,"column":34}},"3":{"start":{"line":4,"column":15},"end":{"line":4,"column":31}},"4":{"start":{"line":5,"column":13},"end":{"line":5,"column":42}},"5":{"start":{"line":6,"column":14},"end":{"line":6,"column":44}},"6":{"start":{"line":8,"column":22},"end":{"line":8,"column":53}},"7":{"start":{"line":9,"column":15},"end":{"line":9,"column":42}},"8":{"start":{"line":13,"column":0},"end":{"line":18,"column":3}},"9":{"start":{"line":14,"column":19},"end":{"line":14,"column":50}},"10":{"start":{"line":15,"column":4},"end":{"line":15,"column":40}},"11":{"start":{"line":15,"column":16},"end":{"line":15,"column":40}},"12":{"start":{"line":16,"column":4},"end":{"line":16,"column":55}},"13":{"start":{"line":17,"column":4},"end":{"line":17,"column":102}},"14":{"start":{"line":23,"column":0},"end":{"line":39,"column":3}},"15":{"start":{"line":24,"column":18},"end":{"line":24,"column":36}},"16":{"start":{"line":25,"column":4},"end":{"line":25,"column":140}},"17":{"start":{"line":25,"column":15},"end":{"line":25,"column":140}},"18":{"start":{"line":27,"column":26},"end":{"line":27,"column":67}},"19":{"start":{"line":28,"column":4},"end":{"line":31,"column":5}},"20":{"start":{"line":29,"column":8},"end":{"line":29,"column":77}},"21":{"start":{"line":30,"column":8},"end":{"line":30,"column":105}},"22":{"start":{"line":32,"column":18},"end":{"line":34,"column":6}},"23":{"start":{"line":35,"column":4},"end":{"line":35,"column":23}},"24":{"start":{"line":36,"column":4},"end":{"line":36,"column":38}},"25":{"start":{"line":36,"column":15},"end":{"line":36,"column":38}},"26":{"start":{"line":37,"column":4},"end":{"line":37,"column":68}},"27":{"start":{"line":38,"column":4},"end":{"line":38,"column":98}},"28":{"start":{"line":42,"column":0},"end":{"line":63,"column":3}},"29":{"start":{"line":43,"column":18},"end":{"line":43,"column":36}},"30":{"start":{"line":44,"column":4},"end":{"line":44,"column":137}},"31":{"start":{"line":44,"column":15},"end":{"line":44,"column":137}},"32":{"start":{"line":46,"column":26},"end":{"line":46,"column":67}},"33":{"start":{"line":47,"column":4},"end":{"line":50,"column":5}},"34":{"start":{"line":48,"column":8},"end":{"line":48,"column":77}},"35":{"start":{"line":49,"column":8},"end":{"line":49,"column":88}},"36":{"start":{"line":51,"column":18},"end":{"line":59,"column":5}},"37":{"start":{"line":60,"column":4},"end":{"line":60,"column":38}},"38":{"start":{"line":60,"column":15},"end":{"line":60,"column":38}},"39":{"start":{"line":61,"column":4},"end":{"line":61,"column":53}},"40":{"start":{"line":62,"column":4},"end":{"line":62,"column":121}},"41":{"start":{"line":66,"column":0},"end":{"line":71,"column":3}},"42":{"start":{"line":67,"column":18},"end":{"line":67,"column":62}},"43":{"start":{"line":68,"column":4},"end":{"line":68,"column":84}},"44":{"start":{"line":68,"column":15},"end":{"line":68,"column":84}},"45":{"start":{"line":69,"column":4},"end":{"line":69,"column":61}},"46":{"start":{"line":70,"column":4},"end":{"line":70,"column":116}},"47":{"start":{"line":74,"column":0},"end":{"line":80,"column":3}},"48":{"start":{"line":76,"column":19},"end":{"line":76,"column":45}},"49":{"start":{"line":77,"column":4},"end":{"line":77,"column":130}},"50":{"start":{"line":77,"column":16},"end":{"line":77,"column":130}},"51":{"start":{"line":78,"column":4},"end":{"line":78,"column":48}},"52":{"start":{"line":79,"column":4},"end":{"line":79,"column":93}},"53":{"start":{"line":83,"column":0},"end":{"line":88,"column":3}},"54":{"start":{"line":84,"column":18},"end":{"line":84,"column":53}},"55":{"start":{"line":85,"column":4},"end":{"line":85,"column":38}},"56":{"start":{"line":85,"column":15},"end":{"line":85,"column":38}},"57":{"start":{"line":86,"column":4},"end":{"line":86,"column":83}},"58":{"start":{"line":87,"column":4},"end":{"line":87,"column":114}},"59":{"start":{"line":90,"column":0},"end":{"line":90,"column":24}}},"fnMap":{"0":{"name":"(anonymous_0)","decl":{"start":{"line":13,"column":16},"end":{"line":13,"column":17}},"loc":{"start":{"line":13,"column":42},"end":{"line":18,"column":1}},"line":13},"1":{"name":"(anonymous_1)","decl":{"start":{"line":23,"column":32},"end":{"line":23,"column":33}},"loc":{"start":{"line":23,"column":52},"end":{"line":39,"column":1}},"line":23},"2":{"name":"(anonymous_2)","decl":{"start":{"line":42,"column":34},"end":{"line":42,"column":35}},"loc":{"start":{"line":42,"column":54},"end":{"line":63,"column":1}},"line":42},"3":{"name":"(anonymous_3)","decl":{"start":{"line":66,"column":37},"end":{"line":66,"column":38}},"loc":{"start":{"line":66,"column":57},"end":{"line":71,"column":1}},"line":66},"4":{"name":"(anonymous_4)","decl":{"start":{"line":74,"column":34},"end":{"line":74,"column":35}},"loc":{"start":{"line":74,"column":54},"end":{"line":80,"column":1}},"line":74},"5":{"name":"(anonymous_5)","decl":{"start":{"line":83,"column":37},"end":{"line":83,"column":38}},"loc":{"start":{"line":83,"column":57},"end":{"line":88,"column":1}},"line":83}},"branchMap":{"0":{"loc":{"start":{"line":15,"column":4},"end":{"line":15,"column":40}},"type":"if","locations":[{"start":{"line":15,"column":4},"end":{"line":15,"column":40}},{"start":{"line":15,"column":4},"end":{"line":15,"column":40}}],"line":15},"1":{"loc":{"start":{"line":25,"column":4},"end":{"line":25,"column":140}},"type":"if","locations":[{"start":{"line":25,"column":4},"end":{"line":25,"column":140}},{"start":{"line":25,"column":4},"end":{"line":25,"column":140}}],"line":25},"2":{"loc":{"start":{"line":28,"column":4},"end":{"line":31,"column":5}},"type":"if","locations":[{"start":{"line":28,"column":4},"end":{"line":31,"column":5}},{"start":{"line":28,"column":4},"end":{"line":31,"column":5}}],"line":28},"3":{"loc":{"start":{"line":28,"column":8},"end":{"line":28,"column":49}},"type":"binary-expr","locations":[{"start":{"line":28,"column":8},"end":{"line":28,"column":21}},{"start":{"line":28,"column":25},"end":{"line":28,"column":49}}],"line":28},"4":{"loc":{"start":{"line":36,"column":4},"end":{"line":36,"column":38}},"type":"if","locations":[{"start":{"line":36,"column":4},"end":{"line":36,"column":38}},{"start":{"line":36,"column":4},"end":{"line":36,"column":38}}],"line":36},"5":{"loc":{"start":{"line":44,"column":4},"end":{"line":44,"column":137}},"type":"if","locations":[{"start":{"line":44,"column":4},"end":{"line":44,"column":137}},{"start":{"line":44,"column":4},"end":{"line":44,"column":137}}],"line":44},"6":{"loc":{"start":{"line":47,"column":4},"end":{"line":50,"column":5}},"type":"if","locations":[{"start":{"line":47,"column":4},"end":{"line":50,"column":5}},{"start":{"line":47,"column":4},"end":{"line":50,"column":5}}],"line":47},"7":{"loc":{"start":{"line":47,"column":8},"end":{"line":47,"column":49}},"type":"binary-expr","locations":[{"start":{"line":47,"column":8},"end":{"line":47,"column":21}},{"start":{"line":47,"column":25},"end":{"line":47,"column":49}}],"line":47},"8":{"loc":{"start":{"line":60,"column":4},"end":{"line":60,"column":38}},"type":"if","locations":[{"start":{"line":60,"column":4},"end":{"line":60,"column":38}},{"start":{"line":60,"column":4},"end":{"line":60,"column":38}}],"line":60},"9":{"loc":{"start":{"line":68,"column":4},"end":{"line":68,"column":84}},"type":"if","locations":[{"start":{"line":68,"column":4},"end":{"line":68,"column":84}},{"start":{"line":68,"column":4},"end":{"line":68,"column":84}}],"line":68},"10":{"loc":{"start":{"line":77,"column":4},"end":{"line":77,"column":130}},"type":"if","locations":[{"start":{"line":77,"column":4},"end":{"line":77,"column":130}},{"start":{"line":77,"column":4},"end":{"line":77,"column":130}}],"line":77},"11":{"loc":{"start":{"line":85,"column":4},"end":{"line":85,"column":38}},"type":"if","locations":[{"start":{"line":85,"column":4},"end":{"line":85,"column":38}},{"start":{"line":85,"column":4},"end":{"line":85,"column":38}}],"line":85}},"s":{"0":2,"1":2,"2":2,"3":2,"4":2,"5":2,"6":2,"7":2,"8":2,"9":1,"10":1,"11":1,"12":0,"13":0,"14":2,"15":5,"16":5,"17":2,"18":3,"19":3,"20":0,"21":0,"22":3,"23":3,"24":3,"25":3,"26":0,"27":0,"28":2,"29":0,"30":0,"31":0,"32":0,"33":0,"34":0,"35":0,"36":0,"37":0,"38":0,"39":0,"40":0,"41":2,"42":0,"43":0,"44":0,"45":0,"46":0,"47":2,"48":0,"49":0,"50":0,"51":0,"52":0,"53":2,"54":2,"55":2,"56":1,"57":1,"58":1,"59":2},"f":{"0":1,"1":5,"2":0,"3":0,"4":0,"5":2},"b":{"0":[1,0],"1":[2,3],"2":[0,3],"3":[3,3],"4":[3,0],"5":[0,0],"6":[0,0],"7":[0,0],"8":[0,0],"9":[0,0],"10":[0,0],"11":[1,1]},"_coverageSchema":"1a1c01bbd47fc00a2c39e90264f33305004495a9","hash":"b0b5458bfbf083b4a4bab3a403c8066620c96658"}
,"/Users/ajmalkhan/Sync/codebench2020/nodejs/moshhamadani/vidly/routes/home.js": {"path":"/Users/ajmalkhan/Sync/codebench2020/nodejs/moshhamadani/vidly/routes/home.js","statementMap":{"0":{"start":{"line":1,"column":16},"end":{"line":1,"column":34}},"1":{"start":{"line":2,"column":15},"end":{"line":2,"column":31}},"2":{"start":{"line":4,"column":0},"end":{"line":9,"column":3}},"3":{"start":{"line":5,"column":4},"end":{"line":8,"column":6}},"4":{"start":{"line":11,"column":0},"end":{"line":11,"column":24}}},"fnMap":{"0":{"name":"(anonymous_0)","decl":{"start":{"line":4,"column":16},"end":{"line":4,"column":17}},"loc":{"start":{"line":4,"column":30},"end":{"line":9,"column":1}},"line":4}},"branchMap":{},"s":{"0":2,"1":2,"2":2,"3":0,"4":2},"f":{"0":0},"b":{},"_coverageSchema":"1a1c01bbd47fc00a2c39e90264f33305004495a9","hash":"a0471828d7f7b8c0cb1f7a0ebe4d44429dcca558"}
,"/Users/ajmalkhan/Sync/codebench2020/nodejs/moshhamadani/vidly/routes/movies.js": {"path":"/Users/ajmalkhan/Sync/codebench2020/nodejs/moshhamadani/vidly/routes/movies.js","statementMap":{"0":{"start":{"line":1,"column":33},"end":{"line":1,"column":59}},"1":{"start":{"line":2,"column":16},"end":{"line":2,"column":34}},"2":{"start":{"line":3,"column":15},"end":{"line":3,"column":31}},"3":{"start":{"line":4,"column":18},"end":{"line":4,"column":44}},"4":{"start":{"line":5,"column":13},"end":{"line":5,"column":42}},"5":{"start":{"line":6,"column":14},"end":{"line":6,"column":44}},"6":{"start":{"line":8,"column":22},"end":{"line":8,"column":53}},"7":{"start":{"line":9,"column":15},"end":{"line":9,"column":42}},"8":{"start":{"line":12,"column":0},"end":{"line":18,"column":3}},"9":{"start":{"line":13,"column":19},"end":{"line":14,"column":22}},"10":{"start":{"line":15,"column":4},"end":{"line":15,"column":40}},"11":{"start":{"line":15,"column":16},"end":{"line":15,"column":40}},"12":{"start":{"line":16,"column":4},"end":{"line":16,"column":94}},"13":{"start":{"line":17,"column":4},"end":{"line":17,"column":110}},"14":{"start":{"line":21,"column":0},"end":{"line":26,"column":3}},"15":{"start":{"line":22,"column":18},"end":{"line":22,"column":53}},"16":{"start":{"line":23,"column":4},"end":{"line":23,"column":63}},"17":{"start":{"line":23,"column":15},"end":{"line":23,"column":63}},"18":{"start":{"line":24,"column":4},"end":{"line":24,"column":80}},"19":{"start":{"line":25,"column":4},"end":{"line":25,"column":113}},"20":{"start":{"line":31,"column":0},"end":{"line":55,"column":3}},"21":{"start":{"line":32,"column":18},"end":{"line":32,"column":41}},"22":{"start":{"line":33,"column":4},"end":{"line":35,"column":5}},"23":{"start":{"line":34,"column":8},"end":{"line":34,"column":145}},"24":{"start":{"line":36,"column":18},"end":{"line":36,"column":56}},"25":{"start":{"line":37,"column":4},"end":{"line":37,"column":61}},"26":{"start":{"line":37,"column":16},"end":{"line":37,"column":61}},"27":{"start":{"line":39,"column":18},"end":{"line":50,"column":5}},"28":{"start":{"line":51,"column":4},"end":{"line":51,"column":23}},"29":{"start":{"line":52,"column":4},"end":{"line":52,"column":38}},"30":{"start":{"line":52,"column":15},"end":{"line":52,"column":38}},"31":{"start":{"line":53,"column":4},"end":{"line":53,"column":65}},"32":{"start":{"line":54,"column":4},"end":{"line":54,"column":94}},"33":{"start":{"line":58,"column":0},"end":{"line":90,"column":3}},"34":{"start":{"line":59,"column":18},"end":{"line":59,"column":41}},"35":{"start":{"line":60,"column":4},"end":{"line":60,"column":161}},"36":{"start":{"line":60,"column":15},"end":{"line":60,"column":161}},"37":{"start":{"line":61,"column":18},"end":{"line":61,"column":56}},"38":{"start":{"line":62,"column":4},"end":{"line":62,"column":62}},"39":{"start":{"line":62,"column":16},"end":{"line":62,"column":62}},"40":{"start":{"line":64,"column":18},"end":{"line":86,"column":5}},"41":{"start":{"line":87,"column":4},"end":{"line":87,"column":69}},"42":{"start":{"line":87,"column":15},"end":{"line":87,"column":69}},"43":{"start":{"line":88,"column":4},"end":{"line":88,"column":60}},"44":{"start":{"line":89,"column":4},"end":{"line":89,"column":113}},"45":{"start":{"line":93,"column":0},"end":{"line":98,"column":3}},"46":{"start":{"line":94,"column":18},"end":{"line":94,"column":62}},"47":{"start":{"line":95,"column":4},"end":{"line":95,"column":80}},"48":{"start":{"line":95,"column":15},"end":{"line":95,"column":80}},"49":{"start":{"line":96,"column":4},"end":{"line":96,"column":84}},"50":{"start":{"line":97,"column":4},"end":{"line":97,"column":146}},"51":{"start":{"line":101,"column":0},"end":{"line":106,"column":3}},"52":{"start":{"line":102,"column":19},"end":{"line":102,"column":45}},"53":{"start":{"line":103,"column":4},"end":{"line":103,"column":84}},"54":{"start":{"line":103,"column":16},"end":{"line":103,"column":84}},"55":{"start":{"line":104,"column":4},"end":{"line":104,"column":65}},"56":{"start":{"line":105,"column":4},"end":{"line":105,"column":117}},"57":{"start":{"line":107,"column":0},"end":{"line":107,"column":24}}},"fnMap":{"0":{"name":"(anonymous_0)","decl":{"start":{"line":12,"column":16},"end":{"line":12,"column":17}},"loc":{"start":{"line":12,"column":36},"end":{"line":18,"column":1}},"line":12},"1":{"name":"(anonymous_1)","decl":{"start":{"line":21,"column":19},"end":{"line":21,"column":20}},"loc":{"start":{"line":21,"column":39},"end":{"line":26,"column":1}},"line":21},"2":{"name":"(anonymous_2)","decl":{"start":{"line":31,"column":32},"end":{"line":31,"column":33}},"loc":{"start":{"line":31,"column":52},"end":{"line":55,"column":1}},"line":31},"3":{"name":"(anonymous_3)","decl":{"start":{"line":58,"column":34},"end":{"line":58,"column":35}},"loc":{"start":{"line":58,"column":54},"end":{"line":90,"column":1}},"line":58},"4":{"name":"(anonymous_4)","decl":{"start":{"line":93,"column":37},"end":{"line":93,"column":38}},"loc":{"start":{"line":93,"column":57},"end":{"line":98,"column":1}},"line":93},"5":{"name":"(anonymous_5)","decl":{"start":{"line":101,"column":34},"end":{"line":101,"column":35}},"loc":{"start":{"line":101,"column":54},"end":{"line":106,"column":1}},"line":101}},"branchMap":{"0":{"loc":{"start":{"line":15,"column":4},"end":{"line":15,"column":40}},"type":"if","locations":[{"start":{"line":15,"column":4},"end":{"line":15,"column":40}},{"start":{"line":15,"column":4},"end":{"line":15,"column":40}}],"line":15},"1":{"loc":{"start":{"line":23,"column":4},"end":{"line":23,"column":63}},"type":"if","locations":[{"start":{"line":23,"column":4},"end":{"line":23,"column":63}},{"start":{"line":23,"column":4},"end":{"line":23,"column":63}}],"line":23},"2":{"loc":{"start":{"line":33,"column":4},"end":{"line":35,"column":5}},"type":"if","locations":[{"start":{"line":33,"column":4},"end":{"line":35,"column":5}},{"start":{"line":33,"column":4},"end":{"line":35,"column":5}}],"line":33},"3":{"loc":{"start":{"line":37,"column":4},"end":{"line":37,"column":61}},"type":"if","locations":[{"start":{"line":37,"column":4},"end":{"line":37,"column":61}},{"start":{"line":37,"column":4},"end":{"line":37,"column":61}}],"line":37},"4":{"loc":{"start":{"line":52,"column":4},"end":{"line":52,"column":38}},"type":"if","locations":[{"start":{"line":52,"column":4},"end":{"line":52,"column":38}},{"start":{"line":52,"column":4},"end":{"line":52,"column":38}}],"line":52},"5":{"loc":{"start":{"line":60,"column":4},"end":{"line":60,"column":161}},"type":"if","locations":[{"start":{"line":60,"column":4},"end":{"line":60,"column":161}},{"start":{"line":60,"column":4},"end":{"line":60,"column":161}}],"line":60},"6":{"loc":{"start":{"line":62,"column":4},"end":{"line":62,"column":62}},"type":"if","locations":[{"start":{"line":62,"column":4},"end":{"line":62,"column":62}},{"start":{"line":62,"column":4},"end":{"line":62,"column":62}}],"line":62},"7":{"loc":{"start":{"line":87,"column":4},"end":{"line":87,"column":69}},"type":"if","locations":[{"start":{"line":87,"column":4},"end":{"line":87,"column":69}},{"start":{"line":87,"column":4},"end":{"line":87,"column":69}}],"line":87},"8":{"loc":{"start":{"line":95,"column":4},"end":{"line":95,"column":80}},"type":"if","locations":[{"start":{"line":95,"column":4},"end":{"line":95,"column":80}},{"start":{"line":95,"column":4},"end":{"line":95,"column":80}}],"line":95},"9":{"loc":{"start":{"line":103,"column":4},"end":{"line":103,"column":84}},"type":"if","locations":[{"start":{"line":103,"column":4},"end":{"line":103,"column":84}},{"start":{"line":103,"column":4},"end":{"line":103,"column":84}}],"line":103}},"s":{"0":2,"1":2,"2":2,"3":2,"4":2,"5":2,"6":2,"7":2,"8":2,"9":0,"10":0,"11":0,"12":0,"13":0,"14":2,"15":0,"16":0,"17":0,"18":0,"19":0,"20":2,"21":0,"22":0,"23":0,"24":0,"25":0,"26":0,"27":0,"28":0,"29":0,"30":0,"31":0,"32":0,"33":2,"34":0,"35":0,"36":0,"37":0,"38":0,"39":0,"40":0,"41":0,"42":0,"43":0,"44":0,"45":2,"46":0,"47":0,"48":0,"49":0,"50":0,"51":2,"52":0,"53":0,"54":0,"55":0,"56":0,"57":2},"f":{"0":0,"1":0,"2":0,"3":0,"4":0,"5":0},"b":{"0":[0,0],"1":[0,0],"2":[0,0],"3":[0,0],"4":[0,0],"5":[0,0],"6":[0,0],"7":[0,0],"8":[0,0],"9":[0,0]},"_coverageSchema":"1a1c01bbd47fc00a2c39e90264f33305004495a9","hash":"5867139b245956e6b711408552f06796224d3c0e"}
,"/Users/ajmalkhan/Sync/codebench2020/nodejs/moshhamadani/vidly/routes/rentals.js": {"path":"/Users/ajmalkhan/Sync/codebench2020/nodejs/moshhamadani/vidly/routes/rentals.js","statementMap":{"0":{"start":{"line":1,"column":35},"end":{"line":1,"column":62}},"1":{"start":{"line":2,"column":24},"end":{"line":2,"column":56}},"2":{"start":{"line":3,"column":21},"end":{"line":3,"column":50}},"3":{"start":{"line":4,"column":18},"end":{"line":4,"column":44}},"4":{"start":{"line":5,"column":16},"end":{"line":5,"column":34}},"5":{"start":{"line":6,"column":15},"end":{"line":6,"column":31}},"6":{"start":{"line":7,"column":13},"end":{"line":7,"column":42}},"7":{"start":{"line":9,"column":22},"end":{"line":9,"column":53}},"8":{"start":{"line":10,"column":15},"end":{"line":10,"column":43}},"9":{"start":{"line":13,"column":0},"end":{"line":18,"column":3}},"10":{"start":{"line":14,"column":20},"end":{"line":14,"column":56}},"11":{"start":{"line":15,"column":4},"end":{"line":15,"column":42}},"12":{"start":{"line":15,"column":17},"end":{"line":15,"column":42}},"13":{"start":{"line":16,"column":4},"end":{"line":16,"column":85}},"14":{"start":{"line":17,"column":4},"end":{"line":17,"column":53}},"15":{"start":{"line":21,"column":0},"end":{"line":121,"column":3}},"16":{"start":{"line":22,"column":18},"end":{"line":22,"column":42}},"17":{"start":{"line":23,"column":4},"end":{"line":23,"column":69}},"18":{"start":{"line":23,"column":15},"end":{"line":23,"column":69}},"19":{"start":{"line":32,"column":21},"end":{"line":32,"column":65}},"20":{"start":{"line":33,"column":4},"end":{"line":33,"column":104}},"21":{"start":{"line":33,"column":19},"end":{"line":33,"column":104}},"22":{"start":{"line":35,"column":18},"end":{"line":35,"column":56}},"23":{"start":{"line":36,"column":4},"end":{"line":36,"column":62}},"24":{"start":{"line":36,"column":16},"end":{"line":36,"column":62}},"25":{"start":{"line":38,"column":4},"end":{"line":38,"column":122}},"26":{"start":{"line":38,"column":71},"end":{"line":38,"column":122}},"27":{"start":{"line":40,"column":33},"end":{"line":40,"column":87}},"28":{"start":{"line":42,"column":4},"end":{"line":44,"column":5}},"29":{"start":{"line":43,"column":8},"end":{"line":43,"column":169}},"30":{"start":{"line":45,"column":4},"end":{"line":47,"column":5}},"31":{"start":{"line":46,"column":8},"end":{"line":46,"column":165}},"32":{"start":{"line":48,"column":4},"end":{"line":50,"column":5}},"33":{"start":{"line":49,"column":8},"end":{"line":49,"column":138}},"34":{"start":{"line":54,"column":19},"end":{"line":66,"column":6}},"35":{"start":{"line":68,"column":20},"end":{"line":68,"column":47}},"36":{"start":{"line":69,"column":4},"end":{"line":73,"column":5}},"37":{"start":{"line":70,"column":8},"end":{"line":70,"column":49}},"38":{"start":{"line":71,"column":8},"end":{"line":71,"column":35}},"39":{"start":{"line":72,"column":8},"end":{"line":72,"column":44}},"40":{"start":{"line":75,"column":4},"end":{"line":79,"column":5}},"41":{"start":{"line":76,"column":8},"end":{"line":76,"column":36}},"42":{"start":{"line":77,"column":8},"end":{"line":77,"column":59}},"43":{"start":{"line":77,"column":37},"end":{"line":77,"column":59}},"44":{"start":{"line":78,"column":8},"end":{"line":78,"column":40}},"45":{"start":{"line":80,"column":4},"end":{"line":95,"column":5}},"46":{"start":{"line":81,"column":8},"end":{"line":81,"column":41}},"47":{"start":{"line":82,"column":8},"end":{"line":82,"column":30}},"48":{"start":{"line":83,"column":8},"end":{"line":83,"column":79}},"49":{"start":{"line":83,"column":47},"end":{"line":83,"column":79}},"50":{"start":{"line":85,"column":8},"end":{"line":94,"column":9}},"51":{"start":{"line":86,"column":12},"end":{"line":93,"column":13}},"52":{"start":{"line":87,"column":39},"end":{"line":87,"column":97}},"53":{"start":{"line":88,"column":16},"end":{"line":90,"column":17}},"54":{"start":{"line":89,"column":20},"end":{"line":89,"column":134}},"55":{"start":{"line":92,"column":16},"end":{"line":92,"column":72}},"56":{"start":{"line":96,"column":4},"end":{"line":96,"column":23}},"57":{"start":{"line":97,"column":4},"end":{"line":97,"column":26}},"58":{"start":{"line":98,"column":4},"end":{"line":98,"column":24}},"59":{"start":{"line":99,"column":24},"end":{"line":99,"column":57}},"60":{"start":{"line":100,"column":4},"end":{"line":100,"column":38}},"61":{"start":{"line":101,"column":4},"end":{"line":117,"column":5}},"62":{"start":{"line":102,"column":8},"end":{"line":102,"column":124}},"63":{"start":{"line":103,"column":8},"end":{"line":115,"column":10}},"64":{"start":{"line":116,"column":8},"end":{"line":116,"column":29}},"65":{"start":{"line":118,"column":4},"end":{"line":118,"column":25}},"66":{"start":{"line":119,"column":4},"end":{"line":119,"column":89}},"67":{"start":{"line":120,"column":4},"end":{"line":120,"column":87}},"68":{"start":{"line":123,"column":0},"end":{"line":130,"column":3}},"69":{"start":{"line":124,"column":19},"end":{"line":124,"column":55}},"70":{"start":{"line":125,"column":4},"end":{"line":128,"column":5}},"71":{"start":{"line":126,"column":8},"end":{"line":126,"column":82}},"72":{"start":{"line":127,"column":8},"end":{"line":127,"column":87}},"73":{"start":{"line":129,"column":4},"end":{"line":129,"column":28}},"74":{"start":{"line":134,"column":4},"end":{"line":147,"column":5}},"75":{"start":{"line":135,"column":8},"end":{"line":135,"column":61}},"76":{"start":{"line":136,"column":8},"end":{"line":136,"column":34}},"77":{"start":{"line":136,"column":21},"end":{"line":136,"column":34}},"78":{"start":{"line":138,"column":8},"end":{"line":138,"column":105}},"79":{"start":{"line":138,"column":41},"end":{"line":138,"column":103}},"80":{"start":{"line":139,"column":8},"end":{"line":139,"column":34}},"81":{"start":{"line":139,"column":21},"end":{"line":139,"column":34}},"82":{"start":{"line":141,"column":8},"end":{"line":141,"column":111}},"83":{"start":{"line":141,"column":41},"end":{"line":141,"column":109}},"84":{"start":{"line":142,"column":8},"end":{"line":142,"column":34}},"85":{"start":{"line":142,"column":21},"end":{"line":142,"column":34}},"86":{"start":{"line":143,"column":8},"end":{"line":143,"column":58}},"87":{"start":{"line":143,"column":41},"end":{"line":143,"column":58}},"88":{"start":{"line":144,"column":8},"end":{"line":144,"column":21}},"89":{"start":{"line":146,"column":8},"end":{"line":146,"column":49}},"90":{"start":{"line":151,"column":4},"end":{"line":175,"column":5}},"91":{"start":{"line":152,"column":28},"end":{"line":159,"column":9}},"92":{"start":{"line":160,"column":8},"end":{"line":160,"column":33}},"93":{"start":{"line":161,"column":8},"end":{"line":161,"column":44}},"94":{"start":{"line":161,"column":25},"end":{"line":161,"column":44}},"95":{"start":{"line":162,"column":8},"end":{"line":162,"column":82}},"96":{"start":{"line":163,"column":11},"end":{"line":175,"column":5}},"97":{"start":{"line":164,"column":28},"end":{"line":171,"column":9}},"98":{"start":{"line":172,"column":8},"end":{"line":172,"column":33}},"99":{"start":{"line":173,"column":8},"end":{"line":173,"column":44}},"100":{"start":{"line":173,"column":25},"end":{"line":173,"column":44}},"101":{"start":{"line":174,"column":8},"end":{"line":174,"column":92}},"102":{"start":{"line":176,"column":4},"end":{"line":176,"column":106}},"103":{"start":{"line":178,"column":0},"end":{"line":178,"column":24}}},"fnMap":{"0":{"name":"(anonymous_0)","decl":{"start":{"line":13,"column":16},"end":{"line":13,"column":17}},"loc":{"start":{"line":13,"column":36},"end":{"line":18,"column":1}},"line":13},"1":{"name":"(anonymous_1)","decl":{"start":{"line":21,"column":23},"end":{"line":21,"column":24}},"loc":{"start":{"line":21,"column":43},"end":{"line":121,"column":1}},"line":21},"2":{"name":"(anonymous_2)","decl":{"start":{"line":123,"column":19},"end":{"line":123,"column":20}},"loc":{"start":{"line":123,"column":39},"end":{"line":130,"column":1}},"line":123},"3":{"name":"checkIfAlreadyBorrowedThisMovie","decl":{"start":{"line":132,"column":15},"end":{"line":132,"column":46}},"loc":{"start":{"line":132,"column":64},"end":{"line":148,"column":1}},"line":132},"4":{"name":"(anonymous_4)","decl":{"start":{"line":138,"column":31},"end":{"line":138,"column":32}},"loc":{"start":{"line":138,"column":41},"end":{"line":138,"column":103}},"line":138},"5":{"name":"(anonymous_5)","decl":{"start":{"line":141,"column":31},"end":{"line":141,"column":32}},"loc":{"start":{"line":141,"column":41},"end":{"line":141,"column":109}},"line":141},"6":{"name":"createTransaction","decl":{"start":{"line":149,"column":15},"end":{"line":149,"column":32}},"loc":{"start":{"line":149,"column":43},"end":{"line":177,"column":1}},"line":149}},"branchMap":{"0":{"loc":{"start":{"line":15,"column":4},"end":{"line":15,"column":42}},"type":"if","locations":[{"start":{"line":15,"column":4},"end":{"line":15,"column":42}},{"start":{"line":15,"column":4},"end":{"line":15,"column":42}}],"line":15},"1":{"loc":{"start":{"line":23,"column":4},"end":{"line":23,"column":69}},"type":"if","locations":[{"start":{"line":23,"column":4},"end":{"line":23,"column":69}},{"start":{"line":23,"column":4},"end":{"line":23,"column":69}}],"line":23},"2":{"loc":{"start":{"line":33,"column":4},"end":{"line":33,"column":104}},"type":"if","locations":[{"start":{"line":33,"column":4},"end":{"line":33,"column":104}},{"start":{"line":33,"column":4},"end":{"line":33,"column":104}}],"line":33},"3":{"loc":{"start":{"line":36,"column":4},"end":{"line":36,"column":62}},"type":"if","locations":[{"start":{"line":36,"column":4},"end":{"line":36,"column":62}},{"start":{"line":36,"column":4},"end":{"line":36,"column":62}}],"line":36},"4":{"loc":{"start":{"line":38,"column":4},"end":{"line":38,"column":122}},"type":"if","locations":[{"start":{"line":38,"column":4},"end":{"line":38,"column":122}},{"start":{"line":38,"column":4},"end":{"line":38,"column":122}}],"line":38},"5":{"loc":{"start":{"line":38,"column":8},"end":{"line":38,"column":69}},"type":"binary-expr","locations":[{"start":{"line":38,"column":8},"end":{"line":38,"column":33}},{"start":{"line":38,"column":37},"end":{"line":38,"column":69}}],"line":38},"6":{"loc":{"start":{"line":42,"column":4},"end":{"line":44,"column":5}},"type":"if","locations":[{"start":{"line":42,"column":4},"end":{"line":44,"column":5}},{"start":{"line":42,"column":4},"end":{"line":44,"column":5}}],"line":42},"7":{"loc":{"start":{"line":42,"column":8},"end":{"line":42,"column":66}},"type":"binary-expr","locations":[{"start":{"line":42,"column":8},"end":{"line":42,"column":40}},{"start":{"line":42,"column":44},"end":{"line":42,"column":66}}],"line":42},"8":{"loc":{"start":{"line":45,"column":4},"end":{"line":47,"column":5}},"type":"if","locations":[{"start":{"line":45,"column":4},"end":{"line":47,"column":5}},{"start":{"line":45,"column":4},"end":{"line":47,"column":5}}],"line":45},"9":{"loc":{"start":{"line":45,"column":8},"end":{"line":45,"column":79}},"type":"binary-expr","locations":[{"start":{"line":45,"column":8},"end":{"line":45,"column":40}},{"start":{"line":45,"column":44},"end":{"line":45,"column":79}}],"line":45},"10":{"loc":{"start":{"line":48,"column":4},"end":{"line":50,"column":5}},"type":"if","locations":[{"start":{"line":48,"column":4},"end":{"line":50,"column":5}},{"start":{"line":48,"column":4},"end":{"line":50,"column":5}}],"line":48},"11":{"loc":{"start":{"line":48,"column":8},"end":{"line":48,"column":67}},"type":"binary-expr","locations":[{"start":{"line":48,"column":8},"end":{"line":48,"column":40}},{"start":{"line":48,"column":44},"end":{"line":48,"column":67}}],"line":48},"12":{"loc":{"start":{"line":69,"column":4},"end":{"line":73,"column":5}},"type":"if","locations":[{"start":{"line":69,"column":4},"end":{"line":73,"column":5}},{"start":{"line":69,"column":4},"end":{"line":73,"column":5}}],"line":69},"13":{"loc":{"start":{"line":75,"column":4},"end":{"line":79,"column":5}},"type":"if","locations":[{"start":{"line":75,"column":4},"end":{"line":79,"column":5}},{"start":{"line":75,"column":4},"end":{"line":79,"column":5}}],"line":75},"14":{"loc":{"start":{"line":77,"column":8},"end":{"line":77,"column":59}},"type":"if","locations":[{"start":{"line":77,"column":8},"end":{"line":77,"column":59}},{"start":{"line":77,"column":8},"end":{"line":77,"column":59}}],"line":77},"15":{"loc":{"start":{"line":80,"column":4},"end":{"line":95,"column":5}},"type":"if","locations":[{"start":{"line":80,"column":4},"end":{"line":95,"column":5}},{"start":{"line":80,"column":4},"end":{"line":95,"column":5}}],"line":80},"16":{"loc":{"start":{"line":83,"column":8},"end":{"line":83,"column":79}},"type":"if","locations":[{"start":{"line":83,"column":8},"end":{"line":83,"column":79}},{"start":{"line":83,"column":8},"end":{"line":83,"column":79}}],"line":83},"17":{"loc":{"start":{"line":85,"column":8},"end":{"line":94,"column":9}},"type":"if","locations":[{"start":{"line":85,"column":8},"end":{"line":94,"column":9}},{"start":{"line":85,"column":8},"end":{"line":94,"column":9}}],"line":85},"18":{"loc":{"start":{"line":85,"column":12},"end":{"line":85,"column":70}},"type":"binary-expr","locations":[{"start":{"line":85,"column":12},"end":{"line":85,"column":44}},{"start":{"line":85,"column":48},"end":{"line":85,"column":70}}],"line":85},"19":{"loc":{"start":{"line":88,"column":16},"end":{"line":90,"column":17}},"type":"if","locations":[{"start":{"line":88,"column":16},"end":{"line":90,"column":17}},{"start":{"line":88,"column":16},"end":{"line":90,"column":17}}],"line":88},"20":{"loc":{"start":{"line":101,"column":4},"end":{"line":117,"column":5}},"type":"if","locations":[{"start":{"line":101,"column":4},"end":{"line":117,"column":5}},{"start":{"line":101,"column":4},"end":{"line":117,"column":5}}],"line":101},"21":{"loc":{"start":{"line":101,"column":8},"end":{"line":101,"column":29}},"type":"binary-expr","locations":[{"start":{"line":101,"column":8},"end":{"line":101,"column":14}},{"start":{"line":101,"column":18},"end":{"line":101,"column":29}}],"line":101},"22":{"loc":{"start":{"line":125,"column":4},"end":{"line":128,"column":5}},"type":"if","locations":[{"start":{"line":125,"column":4},"end":{"line":128,"column":5}},{"start":{"line":125,"column":4},"end":{"line":128,"column":5}}],"line":125},"23":{"loc":{"start":{"line":136,"column":8},"end":{"line":136,"column":34}},"type":"if","locations":[{"start":{"line":136,"column":8},"end":{"line":136,"column":34}},{"start":{"line":136,"column":8},"end":{"line":136,"column":34}}],"line":136},"24":{"loc":{"start":{"line":139,"column":8},"end":{"line":139,"column":34}},"type":"if","locations":[{"start":{"line":139,"column":8},"end":{"line":139,"column":34}},{"start":{"line":139,"column":8},"end":{"line":139,"column":34}}],"line":139},"25":{"loc":{"start":{"line":142,"column":8},"end":{"line":142,"column":34}},"type":"if","locations":[{"start":{"line":142,"column":8},"end":{"line":142,"column":34}},{"start":{"line":142,"column":8},"end":{"line":142,"column":34}}],"line":142},"26":{"loc":{"start":{"line":143,"column":8},"end":{"line":143,"column":58}},"type":"if","locations":[{"start":{"line":143,"column":8},"end":{"line":143,"column":58}},{"start":{"line":143,"column":8},"end":{"line":143,"column":58}}],"line":143},"27":{"loc":{"start":{"line":143,"column":12},"end":{"line":143,"column":39}},"type":"binary-expr","locations":[{"start":{"line":143,"column":12},"end":{"line":143,"column":18}},{"start":{"line":143,"column":22},"end":{"line":143,"column":39}}],"line":143},"28":{"loc":{"start":{"line":151,"column":4},"end":{"line":175,"column":5}},"type":"if","locations":[{"start":{"line":151,"column":4},"end":{"line":175,"column":5}},{"start":{"line":151,"column":4},"end":{"line":175,"column":5}}],"line":151},"29":{"loc":{"start":{"line":161,"column":8},"end":{"line":161,"column":44}},"type":"if","locations":[{"start":{"line":161,"column":8},"end":{"line":161,"column":44}},{"start":{"line":161,"column":8},"end":{"line":161,"column":44}}],"line":161},"30":{"loc":{"start":{"line":163,"column":11},"end":{"line":175,"column":5}},"type":"if","locations":[{"start":{"line":163,"column":11},"end":{"line":175,"column":5}},{"start":{"line":163,"column":11},"end":{"line":175,"column":5}}],"line":163},"31":{"loc":{"start":{"line":173,"column":8},"end":{"line":173,"column":44}},"type":"if","locations":[{"start":{"line":173,"column":8},"end":{"line":173,"column":44}},{"start":{"line":173,"column":8},"end":{"line":173,"column":44}}],"line":173}},"s":{"0":2,"1":2,"2":2,"3":2,"4":2,"5":2,"6":2,"7":2,"8":2,"9":2,"10":0,"11":0,"12":0,"13":0,"14":0,"15":2,"16":0,"17":0,"18":0,"19":0,"20":0,"21":0,"22":0,"23":0,"24":0,"25":0,"26":0,"27":0,"28":0,"29":0,"30":0,"31":0,"32":0,"33":0,"34":0,"35":0,"36":0,"37":0,"38":0,"39":0,"40":0,"41":0,"42":0,"43":0,"44":0,"45":0,"46":0,"47":0,"48":0,"49":0,"50":0,"51":0,"52":0,"53":0,"54":0,"55":0,"56":0,"57":0,"58":0,"59":0,"60":0,"61":0,"62":0,"63":0,"64":0,"65":0,"66":0,"67":0,"68":2,"69":0,"70":0,"71":0,"72":0,"73":0,"74":0,"75":0,"76":0,"77":0,"78":0,"79":0,"80":0,"81":0,"82":0,"83":0,"84":0,"85":0,"86":0,"87":0,"88":0,"89":0,"90":0,"91":0,"92":0,"93":0,"94":0,"95":0,"96":0,"97":0,"98":0,"99":0,"100":0,"101":0,"102":0,"103":2},"f":{"0":0,"1":0,"2":0,"3":0,"4":0,"5":0,"6":0},"b":{"0":[0,0],"1":[0,0],"2":[0,0],"3":[0,0],"4":[0,0],"5":[0,0],"6":[0,0],"7":[0,0],"8":[0,0],"9":[0,0],"10":[0,0],"11":[0,0],"12":[0,0],"13":[0,0],"14":[0,0],"15":[0,0],"16":[0,0],"17":[0,0],"18":[0,0],"19":[0,0],"20":[0,0],"21":[0,0],"22":[0,0],"23":[0,0],"24":[0,0],"25":[0,0],"26":[0,0],"27":[0,0],"28":[0,0],"29":[0,0],"30":[0,0],"31":[0,0]},"_coverageSchema":"1a1c01bbd47fc00a2c39e90264f33305004495a9","hash":"f06bcda51b4ad4b9612b06418ef980b83929a54c"}
,"/Users/ajmalkhan/Sync/codebench2020/nodejs/moshhamadani/vidly/routes/users.js": {"path":"/Users/ajmalkhan/Sync/codebench2020/nodejs/moshhamadani/vidly/routes/users.js","statementMap":{"0":{"start":{"line":1,"column":15},"end":{"line":1,"column":32}},"1":{"start":{"line":2,"column":27},"end":{"line":2,"column":52}},"2":{"start":{"line":3,"column":16},"end":{"line":3,"column":34}},"3":{"start":{"line":4,"column":15},"end":{"line":4,"column":31}},"4":{"start":{"line":5,"column":15},"end":{"line":5,"column":32}},"5":{"start":{"line":6,"column":13},"end":{"line":6,"column":42}},"6":{"start":{"line":7,"column":14},"end":{"line":7,"column":44}},"7":{"start":{"line":9,"column":22},"end":{"line":9,"column":53}},"8":{"start":{"line":10,"column":15},"end":{"line":10,"column":41}},"9":{"start":{"line":16,"column":0},"end":{"line":22,"column":3}},"10":{"start":{"line":17,"column":17},"end":{"line":18,"column":28}},"11":{"start":{"line":19,"column":4},"end":{"line":19,"column":36}},"12":{"start":{"line":19,"column":14},"end":{"line":19,"column":36}},"13":{"start":{"line":20,"column":4},"end":{"line":20,"column":80}},"14":{"start":{"line":21,"column":4},"end":{"line":21,"column":83}},"15":{"start":{"line":23,"column":0},"end":{"line":28,"column":3}},"16":{"start":{"line":24,"column":18},"end":{"line":24,"column":77}},"17":{"start":{"line":25,"column":4},"end":{"line":25,"column":38}},"18":{"start":{"line":25,"column":15},"end":{"line":25,"column":38}},"19":{"start":{"line":26,"column":4},"end":{"line":26,"column":35}},"20":{"start":{"line":27,"column":4},"end":{"line":27,"column":49}},"21":{"start":{"line":29,"column":0},"end":{"line":34,"column":3}},"22":{"start":{"line":30,"column":17},"end":{"line":30,"column":60}},"23":{"start":{"line":31,"column":4},"end":{"line":32,"column":61}},"24":{"start":{"line":31,"column":14},"end":{"line":32,"column":61}},"25":{"start":{"line":33,"column":4},"end":{"line":33,"column":88}},"26":{"start":{"line":37,"column":0},"end":{"line":69,"column":3}},"27":{"start":{"line":38,"column":18},"end":{"line":38,"column":36}},"28":{"start":{"line":39,"column":4},"end":{"line":39,"column":107}},"29":{"start":{"line":39,"column":15},"end":{"line":39,"column":107}},"30":{"start":{"line":41,"column":15},"end":{"line":45,"column":5}},"31":{"start":{"line":46,"column":4},"end":{"line":46,"column":136}},"32":{"start":{"line":46,"column":14},"end":{"line":46,"column":136}},"33":{"start":{"line":48,"column":4},"end":{"line":48,"column":85}},"34":{"start":{"line":57,"column":4},"end":{"line":57,"column":126}},"35":{"start":{"line":57,"column":15},"end":{"line":57,"column":126}},"36":{"start":{"line":58,"column":17},"end":{"line":58,"column":41}},"37":{"start":{"line":59,"column":4},"end":{"line":59,"column":59}},"38":{"start":{"line":60,"column":4},"end":{"line":60,"column":22}},"39":{"start":{"line":61,"column":18},"end":{"line":61,"column":42}},"40":{"start":{"line":63,"column":4},"end":{"line":66,"column":5}},"41":{"start":{"line":64,"column":8},"end":{"line":64,"column":102}},"42":{"start":{"line":65,"column":8},"end":{"line":65,"column":109}},"43":{"start":{"line":67,"column":4},"end":{"line":67,"column":61}},"44":{"start":{"line":68,"column":4},"end":{"line":68,"column":89}},"45":{"start":{"line":71,"column":0},"end":{"line":71,"column":24}}},"fnMap":{"0":{"name":"(anonymous_0)","decl":{"start":{"line":16,"column":26},"end":{"line":16,"column":27}},"loc":{"start":{"line":16,"column":46},"end":{"line":22,"column":1}},"line":16},"1":{"name":"(anonymous_1)","decl":{"start":{"line":23,"column":24},"end":{"line":23,"column":25}},"loc":{"start":{"line":23,"column":44},"end":{"line":28,"column":1}},"line":23},"2":{"name":"(anonymous_2)","decl":{"start":{"line":29,"column":37},"end":{"line":29,"column":38}},"loc":{"start":{"line":29,"column":57},"end":{"line":34,"column":1}},"line":29},"3":{"name":"(anonymous_3)","decl":{"start":{"line":37,"column":32},"end":{"line":37,"column":33}},"loc":{"start":{"line":37,"column":52},"end":{"line":69,"column":1}},"line":37}},"branchMap":{"0":{"loc":{"start":{"line":19,"column":4},"end":{"line":19,"column":36}},"type":"if","locations":[{"start":{"line":19,"column":4},"end":{"line":19,"column":36}},{"start":{"line":19,"column":4},"end":{"line":19,"column":36}}],"line":19},"1":{"loc":{"start":{"line":25,"column":4},"end":{"line":25,"column":38}},"type":"if","locations":[{"start":{"line":25,"column":4},"end":{"line":25,"column":38}},{"start":{"line":25,"column":4},"end":{"line":25,"column":38}}],"line":25},"2":{"loc":{"start":{"line":31,"column":4},"end":{"line":32,"column":61}},"type":"if","locations":[{"start":{"line":31,"column":4},"end":{"line":32,"column":61}},{"start":{"line":31,"column":4},"end":{"line":32,"column":61}}],"line":31},"3":{"loc":{"start":{"line":39,"column":4},"end":{"line":39,"column":107}},"type":"if","locations":[{"start":{"line":39,"column":4},"end":{"line":39,"column":107}},{"start":{"line":39,"column":4},"end":{"line":39,"column":107}}],"line":39},"4":{"loc":{"start":{"line":46,"column":4},"end":{"line":46,"column":136}},"type":"if","locations":[{"start":{"line":46,"column":4},"end":{"line":46,"column":136}},{"start":{"line":46,"column":4},"end":{"line":46,"column":136}}],"line":46},"5":{"loc":{"start":{"line":57,"column":4},"end":{"line":57,"column":126}},"type":"if","locations":[{"start":{"line":57,"column":4},"end":{"line":57,"column":126}},{"start":{"line":57,"column":4},"end":{"line":57,"column":126}}],"line":57},"6":{"loc":{"start":{"line":63,"column":4},"end":{"line":66,"column":5}},"type":"if","locations":[{"start":{"line":63,"column":4},"end":{"line":66,"column":5}},{"start":{"line":63,"column":4},"end":{"line":66,"column":5}}],"line":63},"7":{"loc":{"start":{"line":63,"column":8},"end":{"line":63,"column":21}},"type":"binary-expr","locations":[{"start":{"line":63,"column":8},"end":{"line":63,"column":12}},{"start":{"line":63,"column":16},"end":{"line":63,"column":21}}],"line":63}},"s":{"0":2,"1":2,"2":2,"3":2,"4":2,"5":2,"6":2,"7":2,"8":2,"9":2,"10":0,"11":0,"12":0,"13":0,"14":0,"15":2,"16":0,"17":0,"18":0,"19":0,"20":0,"21":2,"22":0,"23":0,"24":0,"25":0,"26":2,"27":0,"28":0,"29":0,"30":0,"31":0,"32":0,"33":0,"34":0,"35":0,"36":0,"37":0,"38":0,"39":0,"40":0,"41":0,"42":0,"43":0,"44":0,"45":2},"f":{"0":0,"1":0,"2":0,"3":0},"b":{"0":[0,0],"1":[0,0],"2":[0,0],"3":[0,0],"4":[0,0],"5":[0,0],"6":[0,0],"7":[0,0]},"_coverageSchema":"1a1c01bbd47fc00a2c39e90264f33305004495a9","hash":"64348a147229ecfb76c72aaeccb52184220b2dd9"}
,"/Users/ajmalkhan/Sync/codebench2020/nodejs/moshhamadani/vidly/startup/config.js": {"path":"/Users/ajmalkhan/Sync/codebench2020/nodejs/moshhamadani/vidly/startup/config.js","statementMap":{"0":{"start":{"line":2,"column":15},"end":{"line":2,"column":32}},"1":{"start":{"line":4,"column":0},"end":{"line":14,"column":2}},"2":{"start":{"line":6,"column":4},"end":{"line":10,"column":5}},"3":{"start":{"line":7,"column":8},"end":{"line":7,"column":70}}},"fnMap":{"0":{"name":"(anonymous_0)","decl":{"start":{"line":4,"column":17},"end":{"line":4,"column":18}},"loc":{"start":{"line":4,"column":29},"end":{"line":14,"column":1}},"line":4}},"branchMap":{"0":{"loc":{"start":{"line":6,"column":4},"end":{"line":10,"column":5}},"type":"if","locations":[{"start":{"line":6,"column":4},"end":{"line":10,"column":5}},{"start":{"line":6,"column":4},"end":{"line":10,"column":5}}],"line":6}},"s":{"0":2,"1":2,"2":2,"3":0},"f":{"0":2},"b":{"0":[0,2]},"_coverageSchema":"1a1c01bbd47fc00a2c39e90264f33305004495a9","hash":"adb630921cae1fca87522f4caf2008e34a58e48a"}
,"/Users/ajmalkhan/Sync/codebench2020/nodejs/moshhamadani/vidly/startup/db.js": {"path":"/Users/ajmalkhan/Sync/codebench2020/nodejs/moshhamadani/vidly/startup/db.js","statementMap":{"0":{"start":{"line":1,"column":22},"end":{"line":1,"column":53}},"1":{"start":{"line":2,"column":15},"end":{"line":2,"column":38}},"2":{"start":{"line":3,"column":0},"end":{"line":3,"column":27}},"3":{"start":{"line":5,"column":17},"end":{"line":5,"column":36}},"4":{"start":{"line":6,"column":0},"end":{"line":6,"column":40}},"5":{"start":{"line":7,"column":0},"end":{"line":7,"column":37}},"6":{"start":{"line":8,"column":15},"end":{"line":8,"column":32}},"7":{"start":{"line":12,"column":0},"end":{"line":29,"column":2}},"8":{"start":{"line":13,"column":15},"end":{"line":13,"column":31}},"9":{"start":{"line":17,"column":4},"end":{"line":18,"column":54}},"10":{"start":{"line":18,"column":20},"end":{"line":18,"column":53}}},"fnMap":{"0":{"name":"(anonymous_0)","decl":{"start":{"line":12,"column":17},"end":{"line":12,"column":18}},"loc":{"start":{"line":12,"column":29},"end":{"line":29,"column":1}},"line":12},"1":{"name":"(anonymous_1)","decl":{"start":{"line":18,"column":14},"end":{"line":18,"column":15}},"loc":{"start":{"line":18,"column":20},"end":{"line":18,"column":53}},"line":18}},"branchMap":{},"s":{"0":2,"1":2,"2":2,"3":2,"4":2,"5":2,"6":2,"7":2,"8":2,"9":2,"10":2},"f":{"0":2,"1":2},"b":{},"_coverageSchema":"1a1c01bbd47fc00a2c39e90264f33305004495a9","hash":"5d3886a04251b55de00b1727f62a47cf42e20069"}
,"/Users/ajmalkhan/Sync/codebench2020/nodejs/moshhamadani/vidly/startup/logging.js": {"path":"/Users/ajmalkhan/Sync/codebench2020/nodejs/moshhamadani/vidly/startup/logging.js","statementMap":{"0":{"start":{"line":1,"column":0},"end":{"line":1,"column":32}},"1":{"start":{"line":3,"column":22},"end":{"line":3,"column":53}},"2":{"start":{"line":4,"column":15},"end":{"line":4,"column":43}},"3":{"start":{"line":5,"column":0},"end":{"line":5,"column":27}},"4":{"start":{"line":7,"column":0},"end":{"line":24,"column":2}},"5":{"start":{"line":13,"column":4},"end":{"line":15,"column":7}},"6":{"start":{"line":14,"column":8},"end":{"line":14,"column":58}},"7":{"start":{"line":19,"column":4},"end":{"line":21,"column":7}},"8":{"start":{"line":20,"column":8},"end":{"line":20,"column":65}}},"fnMap":{"0":{"name":"(anonymous_0)","decl":{"start":{"line":7,"column":17},"end":{"line":7,"column":18}},"loc":{"start":{"line":7,"column":32},"end":{"line":24,"column":1}},"line":7},"1":{"name":"(anonymous_1)","decl":{"start":{"line":13,"column":36},"end":{"line":13,"column":37}},"loc":{"start":{"line":13,"column":44},"end":{"line":15,"column":5}},"line":13},"2":{"name":"(anonymous_2)","decl":{"start":{"line":19,"column":37},"end":{"line":19,"column":38}},"loc":{"start":{"line":19,"column":45},"end":{"line":21,"column":5}},"line":19}},"branchMap":{},"s":{"0":2,"1":2,"2":2,"3":2,"4":2,"5":2,"6":0,"7":2,"8":0},"f":{"0":2,"1":0,"2":0},"b":{},"_coverageSchema":"1a1c01bbd47fc00a2c39e90264f33305004495a9","hash":"65f0e8e85fd23e04d451e88c058e5e0dca4d9371"}
,"/Users/ajmalkhan/Sync/codebench2020/nodejs/moshhamadani/vidly/startup/routes.js": {"path":"/Users/ajmalkhan/Sync/codebench2020/nodejs/moshhamadani/vidly/startup/routes.js","statementMap":{"0":{"start":{"line":1,"column":16},"end":{"line":1,"column":34}},"1":{"start":{"line":2,"column":15},"end":{"line":2,"column":42}},"2":{"start":{"line":3,"column":18},"end":{"line":3,"column":48}},"3":{"start":{"line":4,"column":15},"end":{"line":4,"column":42}},"4":{"start":{"line":5,"column":16},"end":{"line":5,"column":44}},"5":{"start":{"line":6,"column":14},"end":{"line":6,"column":40}},"6":{"start":{"line":7,"column":13},"end":{"line":7,"column":38}},"7":{"start":{"line":8,"column":13},"end":{"line":8,"column":38}},"8":{"start":{"line":9,"column":14},"end":{"line":9,"column":44}},"9":{"start":{"line":11,"column":0},"end":{"line":26,"column":2}},"10":{"start":{"line":12,"column":4},"end":{"line":12,"column":28}},"11":{"start":{"line":17,"column":4},"end":{"line":17,"column":35}},"12":{"start":{"line":18,"column":4},"end":{"line":18,"column":41}},"13":{"start":{"line":19,"column":4},"end":{"line":19,"column":35}},"14":{"start":{"line":20,"column":4},"end":{"line":20,"column":37}},"15":{"start":{"line":21,"column":4},"end":{"line":21,"column":33}},"16":{"start":{"line":22,"column":4},"end":{"line":22,"column":31}},"17":{"start":{"line":23,"column":4},"end":{"line":23,"column":23}},"18":{"start":{"line":25,"column":4},"end":{"line":25,"column":19}}},"fnMap":{"0":{"name":"(anonymous_0)","decl":{"start":{"line":11,"column":17},"end":{"line":11,"column":18}},"loc":{"start":{"line":11,"column":32},"end":{"line":26,"column":1}},"line":11}},"branchMap":{},"s":{"0":2,"1":2,"2":2,"3":2,"4":2,"5":2,"6":2,"7":2,"8":2,"9":2,"10":2,"11":2,"12":2,"13":2,"14":2,"15":2,"16":2,"17":2,"18":2},"f":{"0":2},"b":{},"_coverageSchema":"1a1c01bbd47fc00a2c39e90264f33305004495a9","hash":"0099d2929c0bdcabe3741797c60f813299ea1c96"}
,"/Users/ajmalkhan/Sync/codebench2020/nodejs/moshhamadani/vidly/startup/validation.js": {"path":"/Users/ajmalkhan/Sync/codebench2020/nodejs/moshhamadani/vidly/startup/validation.js","statementMap":{"0":{"start":{"line":1,"column":12},"end":{"line":1,"column":32}},"1":{"start":{"line":3,"column":0},"end":{"line":8,"column":2}},"2":{"start":{"line":6,"column":4},"end":{"line":6,"column":48}}},"fnMap":{"0":{"name":"(anonymous_0)","decl":{"start":{"line":3,"column":17},"end":{"line":3,"column":18}},"loc":{"start":{"line":3,"column":29},"end":{"line":8,"column":1}},"line":3}},"branchMap":{},"s":{"0":2,"1":2,"2":2},"f":{"0":2},"b":{},"_coverageSchema":"1a1c01bbd47fc00a2c39e90264f33305004495a9","hash":"8dccb12a3127259759da1894cba754127bd2c2e9"}
}
